<?xml version="1.0" encoding="UTF-8"?>
<!-- Generated by org.testng.reporters.JUnitReportReporter -->
<testsuite hostname="retina.dellroad.org" name="org.dellroad.stuff.validation.SelfValidatingTest" tests="1" failures="0" timestamp="26 Jan 2014 22:32:33 GMT" time="0.006" errors="0">
  <testcase name="testValidation" time="0.006" classname="org.dellroad.stuff.validation.SelfValidatingTest"/>
</testsuite> <!-- org.dellroad.stuff.validation.SelfValidatingTest -->
