<?xml version="1.0" encoding="UTF-8"?>
<!-- Generated by org.testng.reporters.JUnitReportReporter -->
<testsuite hostname="retina.dellroad.org" name="org.dellroad.stuff.io.AsyncInputStreamTest" tests="1" failures="0" timestamp="14 Oct 2013 18:37:25 GMT" time="0.001" errors="0">
  <testcase name="testAsyncInputStream" time="0.001" classname="org.dellroad.stuff.io.AsyncInputStreamTest"/>
</testsuite> <!-- org.dellroad.stuff.io.AsyncInputStreamTest -->
