<?xml version="1.0" encoding="UTF-8"?>
<!-- Generated by org.testng.reporters.JUnitReportReporter -->
<testsuite hostname="retina.dellroad.org" name="org.dellroad.stuff.xml.EmptyTagXMLStreamWriterTest" tests="3" failures="0" timestamp="7 May 2014 02:40:46 GMT" time="0.025" errors="0">
  <testcase name="testEmptyTag" time="0.004" classname="org.dellroad.stuff.xml.EmptyTagXMLStreamWriterTest"/>
  <testcase name="testEmptyTag" time="0.003" classname="org.dellroad.stuff.xml.EmptyTagXMLStreamWriterTest"/>
  <testcase name="testEmptyTag" time="0.018" classname="org.dellroad.stuff.xml.EmptyTagXMLStreamWriterTest"/>
</testsuite> <!-- org.dellroad.stuff.xml.EmptyTagXMLStreamWriterTest -->
