<?xml version="1.0" encoding="UTF-8"?>
<!-- Generated by org.testng.reporters.JUnitReportReporter -->
<testsuite hostname="retina.dellroad.org" name="org.dellroad.stuff.java.PrimitiveTest" tests="9" failures="0" timestamp="26 Jan 2014 22:32:33 GMT" time="1.211" errors="0">
  <testcase name="testPrimitive" time="0.404" classname="org.dellroad.stuff.java.PrimitiveTest"/>
  <testcase name="testPrimitive" time="0.068" classname="org.dellroad.stuff.java.PrimitiveTest"/>
  <testcase name="testPrimitive" time="0.001" classname="org.dellroad.stuff.java.PrimitiveTest"/>
  <testcase name="testPrimitive" time="0.086" classname="org.dellroad.stuff.java.PrimitiveTest"/>
  <testcase name="testPrimitive" time="0.004" classname="org.dellroad.stuff.java.PrimitiveTest"/>
  <testcase name="testPrimitive" time="0.000" classname="org.dellroad.stuff.java.PrimitiveTest"/>
  <testcase name="testPrimitive" time="0.500" classname="org.dellroad.stuff.java.PrimitiveTest"/>
  <testcase name="testPrimitive" time="0.090" classname="org.dellroad.stuff.java.PrimitiveTest"/>
  <testcase name="testPrimitive" time="0.058" classname="org.dellroad.stuff.java.PrimitiveTest"/>
</testsuite> <!-- org.dellroad.stuff.java.PrimitiveTest -->
