<?xml version="1.0" encoding="UTF-8"?>
<!-- Generated by org.testng.reporters.JUnitReportReporter -->
<testsuite hostname="retina.dellroad.org" name="org.dellroad.stuff.pobj.PersistentObjectTest" tests="2" failures="0" timestamp="7 Nov 2013 17:16:49 GMT" time="0.425" errors="0">
  <testcase name="testBasic" time="0.057" classname="org.dellroad.stuff.pobj.PersistentObjectTest"/>
  <testcase name="testErrorUpdate" time="0.368" classname="org.dellroad.stuff.pobj.PersistentObjectTest"/>
</testsuite> <!-- org.dellroad.stuff.pobj.PersistentObjectTest -->
