<?xml version="1.0" encoding="UTF-8"?>
<!-- Generated by org.testng.reporters.JUnitReportReporter -->
<testsuite hostname="retina.dellroad.org" name="org.dellroad.stuff.io.StreamsTest" tests="1" failures="0" timestamp="29 Jul 2014 22:33:19 GMT" time="0.014" errors="0">
  <testcase name="testStreams" time="0.014" classname="org.dellroad.stuff.io.StreamsTest"/>
</testsuite> <!-- org.dellroad.stuff.io.StreamsTest -->
