<?xml version="1.0" encoding="UTF-8"?>
<!-- Generated by org.testng.reporters.JUnitReportReporter -->
<testsuite hostname="retina.dellroad.org" name="org.dellroad.stuff.string.VersionComparatorTest" tests="76" failures="0" timestamp="14 Oct 2013 18:37:25 GMT" time="0.021" errors="0">
  <testcase name="compareVersions" time="0.001" classname="org.dellroad.stuff.string.VersionComparatorTest"/>
  <testcase name="compareVersions" time="0.000" classname="org.dellroad.stuff.string.VersionComparatorTest"/>
  <testcase name="compareVersions" time="0.001" classname="org.dellroad.stuff.string.VersionComparatorTest"/>
  <testcase name="compareVersions" time="0.000" classname="org.dellroad.stuff.string.VersionComparatorTest"/>
  <testcase name="compareVersions" time="0.001" classname="org.dellroad.stuff.string.VersionComparatorTest"/>
  <testcase name="compareVersions" time="0.000" classname="org.dellroad.stuff.string.VersionComparatorTest"/>
  <testcase name="compareVersions" time="0.000" classname="org.dellroad.stuff.string.VersionComparatorTest"/>
  <testcase name="compareVersions" time="0.000" classname="org.dellroad.stuff.string.VersionComparatorTest"/>
  <testcase name="compareVersions" time="0.000" classname="org.dellroad.stuff.string.VersionComparatorTest"/>
  <testcase name="compareVersions" time="0.000" classname="org.dellroad.stuff.string.VersionComparatorTest"/>
  <testcase name="compareVersions" time="0.001" classname="org.dellroad.stuff.string.VersionComparatorTest"/>
  <testcase name="compareVersions" time="0.001" classname="org.dellroad.stuff.string.VersionComparatorTest"/>
  <testcase name="compareVersions" time="0.000" classname="org.dellroad.stuff.string.VersionComparatorTest"/>
  <testcase name="compareVersions" time="0.000" classname="org.dellroad.stuff.string.VersionComparatorTest"/>
  <testcase name="compareVersions" time="0.000" classname="org.dellroad.stuff.string.VersionComparatorTest"/>
  <testcase name="compareVersions" time="0.000" classname="org.dellroad.stuff.string.VersionComparatorTest"/>
  <testcase name="compareVersions" time="0.000" classname="org.dellroad.stuff.string.VersionComparatorTest"/>
  <testcase name="compareVersions" time="0.001" classname="org.dellroad.stuff.string.VersionComparatorTest"/>
  <testcase name="compareVersions" time="0.000" classname="org.dellroad.stuff.string.VersionComparatorTest"/>
  <testcase name="compareVersions" time="0.001" classname="org.dellroad.stuff.string.VersionComparatorTest"/>
  <testcase name="compareVersions" time="0.000" classname="org.dellroad.stuff.string.VersionComparatorTest"/>
  <testcase name="compareVersions" time="0.000" classname="org.dellroad.stuff.string.VersionComparatorTest"/>
  <testcase name="compareVersions" time="0.000" classname="org.dellroad.stuff.string.VersionComparatorTest"/>
  <testcase name="compareVersions" time="0.000" classname="org.dellroad.stuff.string.VersionComparatorTest"/>
  <testcase name="compareVersions" time="0.001" classname="org.dellroad.stuff.string.VersionComparatorTest"/>
  <testcase name="compareVersions" time="0.000" classname="org.dellroad.stuff.string.VersionComparatorTest"/>
  <testcase name="compareVersions" time="0.000" classname="org.dellroad.stuff.string.VersionComparatorTest"/>
  <testcase name="compareVersions" time="0.000" classname="org.dellroad.stuff.string.VersionComparatorTest"/>
  <testcase name="compareVersions" time="0.000" classname="org.dellroad.stuff.string.VersionComparatorTest"/>
  <testcase name="compareVersions" time="0.001" classname="org.dellroad.stuff.string.VersionComparatorTest"/>
  <testcase name="compareVersions" time="0.000" classname="org.dellroad.stuff.string.VersionComparatorTest"/>
  <testcase name="compareVersions" time="0.000" classname="org.dellroad.stuff.string.VersionComparatorTest"/>
  <testcase name="compareVersions" time="0.000" classname="org.dellroad.stuff.string.VersionComparatorTest"/>
  <testcase name="compareVersions" time="0.000" classname="org.dellroad.stuff.string.VersionComparatorTest"/>
  <testcase name="compareVersions" time="0.001" classname="org.dellroad.stuff.string.VersionComparatorTest"/>
  <testcase name="compareVersions" time="0.000" classname="org.dellroad.stuff.string.VersionComparatorTest"/>
  <testcase name="compareVersions" time="0.000" classname="org.dellroad.stuff.string.VersionComparatorTest"/>
  <testcase name="compareVersions" time="0.000" classname="org.dellroad.stuff.string.VersionComparatorTest"/>
  <testcase name="compareVersions" time="0.000" classname="org.dellroad.stuff.string.VersionComparatorTest"/>
  <testcase name="compareVersions" time="0.001" classname="org.dellroad.stuff.string.VersionComparatorTest"/>
  <testcase name="compareVersions" time="0.000" classname="org.dellroad.stuff.string.VersionComparatorTest"/>
  <testcase name="compareVersions" time="0.000" classname="org.dellroad.stuff.string.VersionComparatorTest"/>
  <testcase name="compareVersions" time="0.000" classname="org.dellroad.stuff.string.VersionComparatorTest"/>
  <testcase name="compareVersions" time="0.001" classname="org.dellroad.stuff.string.VersionComparatorTest"/>
  <testcase name="compareVersions" time="0.000" classname="org.dellroad.stuff.string.VersionComparatorTest"/>
  <testcase name="compareVersions" time="0.001" classname="org.dellroad.stuff.string.VersionComparatorTest"/>
  <testcase name="compareVersions" time="0.001" classname="org.dellroad.stuff.string.VersionComparatorTest"/>
  <testcase name="compareVersions" time="0.000" classname="org.dellroad.stuff.string.VersionComparatorTest"/>
  <testcase name="compareVersions" time="0.000" classname="org.dellroad.stuff.string.VersionComparatorTest"/>
  <testcase name="compareVersions" time="0.000" classname="org.dellroad.stuff.string.VersionComparatorTest"/>
  <testcase name="compareVersions" time="0.000" classname="org.dellroad.stuff.string.VersionComparatorTest"/>
  <testcase name="compareVersions" time="0.001" classname="org.dellroad.stuff.string.VersionComparatorTest"/>
  <testcase name="compareVersions" time="0.000" classname="org.dellroad.stuff.string.VersionComparatorTest"/>
  <testcase name="compareVersions" time="0.000" classname="org.dellroad.stuff.string.VersionComparatorTest"/>
  <testcase name="compareVersions" time="0.000" classname="org.dellroad.stuff.string.VersionComparatorTest"/>
  <testcase name="compareVersions" time="0.000" classname="org.dellroad.stuff.string.VersionComparatorTest"/>
  <testcase name="compareVersions" time="0.000" classname="org.dellroad.stuff.string.VersionComparatorTest"/>
  <testcase name="compareVersions" time="0.000" classname="org.dellroad.stuff.string.VersionComparatorTest"/>
  <testcase name="compareVersions" time="0.000" classname="org.dellroad.stuff.string.VersionComparatorTest"/>
  <testcase name="compareVersions" time="0.000" classname="org.dellroad.stuff.string.VersionComparatorTest"/>
  <testcase name="compareVersions" time="0.000" classname="org.dellroad.stuff.string.VersionComparatorTest"/>
  <testcase name="compareVersions" time="0.001" classname="org.dellroad.stuff.string.VersionComparatorTest"/>
  <testcase name="compareVersions" time="0.001" classname="org.dellroad.stuff.string.VersionComparatorTest"/>
  <testcase name="compareVersions" time="0.000" classname="org.dellroad.stuff.string.VersionComparatorTest"/>
  <testcase name="compareVersions" time="0.001" classname="org.dellroad.stuff.string.VersionComparatorTest"/>
  <testcase name="compareVersions" time="0.000" classname="org.dellroad.stuff.string.VersionComparatorTest"/>
  <testcase name="compareVersions" time="0.000" classname="org.dellroad.stuff.string.VersionComparatorTest"/>
  <testcase name="compareVersions" time="0.001" classname="org.dellroad.stuff.string.VersionComparatorTest"/>
  <testcase name="compareVersions" time="0.000" classname="org.dellroad.stuff.string.VersionComparatorTest"/>
  <testcase name="compareVersions" time="0.001" classname="org.dellroad.stuff.string.VersionComparatorTest"/>
  <testcase name="compareVersions" time="0.000" classname="org.dellroad.stuff.string.VersionComparatorTest"/>
  <testcase name="compareVersions" time="0.000" classname="org.dellroad.stuff.string.VersionComparatorTest"/>
  <testcase name="compareVersions" time="0.001" classname="org.dellroad.stuff.string.VersionComparatorTest"/>
  <testcase name="compareVersions" time="0.000" classname="org.dellroad.stuff.string.VersionComparatorTest"/>
  <testcase name="compareVersions" time="0.000" classname="org.dellroad.stuff.string.VersionComparatorTest"/>
  <testcase name="compareVersions" time="0.000" classname="org.dellroad.stuff.string.VersionComparatorTest"/>
</testsuite> <!-- org.dellroad.stuff.string.VersionComparatorTest -->
