<?xml version="1.0" encoding="UTF-8"?>
<!-- Generated by org.testng.reporters.JUnitReportReporter -->
<testsuite hostname="retina.dellroad.org" name="org.dellroad.stuff.io.NullModemTest" tests="2" failures="0" timestamp="14 Oct 2013 18:37:25 GMT" time="0.000" errors="0">
  <testcase name="testOutput" time="0.000" classname="org.dellroad.stuff.io.NullModemTest"/>
  <testcase name="testInput" time="0.000" classname="org.dellroad.stuff.io.NullModemTest"/>
</testsuite> <!-- org.dellroad.stuff.io.NullModemTest -->
