<?xml version="1.0" encoding="UTF-8"?>
<!-- Generated by org.testng.reporters.JUnitReportReporter -->
<testsuite hostname="retina.dellroad.org" name="org.dellroad.stuff.pobj.PersistentObjectTest" tests="2" failures="0" timestamp="23 Dec 2013 16:48:53 GMT" time="0.363" errors="0">
  <testcase name="testBasic" time="0.312" classname="org.dellroad.stuff.pobj.PersistentObjectTest"/>
  <testcase name="testErrorUpdate" time="0.051" classname="org.dellroad.stuff.pobj.PersistentObjectTest"/>
</testsuite> <!-- org.dellroad.stuff.pobj.PersistentObjectTest -->
