<?xml version="1.0" encoding="UTF-8"?>
<!-- Generated by org.testng.reporters.JUnitReportReporter -->
<testsuite hostname="retina.dellroad.org" name="org.dellroad.stuff.pobj.UpdatesXMLEventTest" tests="3" failures="0" timestamp="18 Oct 2013 20:53:45 GMT" time="0.018" errors="0">
  <testcase name="test" time="0.004" classname="org.dellroad.stuff.pobj.UpdatesXMLEventTest"/>
  <testcase name="test" time="0.009" classname="org.dellroad.stuff.pobj.UpdatesXMLEventTest"/>
  <testcase name="test" time="0.005" classname="org.dellroad.stuff.pobj.UpdatesXMLEventTest"/>
</testsuite> <!-- org.dellroad.stuff.pobj.UpdatesXMLEventTest -->
