<?xml version="1.0" encoding="UTF-8"?>
<!-- Generated by org.testng.reporters.JUnitReportReporter -->
<testsuite hostname="retina.dellroad.org" name="org.dellroad.stuff.java.PrimitiveTest" tests="22" failures="0" timestamp="17 Sep 2014 02:59:43 GMT" time="0.987" errors="0">
  <testcase name="testPrimitive" time="0.387" classname="org.dellroad.stuff.java.PrimitiveTest"/>
  <testcase name="testName" time="0.000" classname="org.dellroad.stuff.java.PrimitiveTest"/>
  <testcase name="testName" time="0.000" classname="org.dellroad.stuff.java.PrimitiveTest"/>
  <testcase name="testName" time="0.000" classname="org.dellroad.stuff.java.PrimitiveTest"/>
  <testcase name="testPrimitive" time="0.278" classname="org.dellroad.stuff.java.PrimitiveTest"/>
  <testcase name="testPrimitive" time="0.132" classname="org.dellroad.stuff.java.PrimitiveTest"/>
  <testcase name="testName" time="0.000" classname="org.dellroad.stuff.java.PrimitiveTest"/>
  <testcase name="testName" time="0.000" classname="org.dellroad.stuff.java.PrimitiveTest"/>
  <testcase name="testName" time="0.000" classname="org.dellroad.stuff.java.PrimitiveTest"/>
  <testcase name="testName" time="0.000" classname="org.dellroad.stuff.java.PrimitiveTest"/>
  <testcase name="testName" time="0.000" classname="org.dellroad.stuff.java.PrimitiveTest"/>
  <testcase name="testName" time="0.000" classname="org.dellroad.stuff.java.PrimitiveTest"/>
  <testcase name="testName" time="0.000" classname="org.dellroad.stuff.java.PrimitiveTest"/>
  <testcase name="testPrimitive" time="0.047" classname="org.dellroad.stuff.java.PrimitiveTest"/>
  <testcase name="testName" time="0.000" classname="org.dellroad.stuff.java.PrimitiveTest"/>
  <testcase name="testPrimitive" time="0.000" classname="org.dellroad.stuff.java.PrimitiveTest"/>
  <testcase name="testName" time="0.000" classname="org.dellroad.stuff.java.PrimitiveTest"/>
  <testcase name="testPrimitive" time="0.089" classname="org.dellroad.stuff.java.PrimitiveTest"/>
  <testcase name="testPrimitive" time="0.001" classname="org.dellroad.stuff.java.PrimitiveTest"/>
  <testcase name="testPrimitive" time="0.050" classname="org.dellroad.stuff.java.PrimitiveTest"/>
  <testcase name="testName" time="0.000" classname="org.dellroad.stuff.java.PrimitiveTest"/>
  <testcase name="testPrimitive" time="0.003" classname="org.dellroad.stuff.java.PrimitiveTest"/>
</testsuite> <!-- org.dellroad.stuff.java.PrimitiveTest -->
