<?xml version="1.0" encoding="UTF-8"?>
<!-- Generated by org.testng.reporters.JUnitReportReporter -->
<testsuite hostname="retina.dellroad.org" name="org.dellroad.stuff.xml.StreamWriterActionTest" tests="1" failures="0" timestamp="12 Nov 2014 21:42:21 GMT" time="0.008" errors="0">
  <testcase name="testCopy" time="0.008" classname="org.dellroad.stuff.xml.StreamWriterActionTest"/>
</testsuite> <!-- org.dellroad.stuff.xml.StreamWriterActionTest -->
