<?xml version="1.0" encoding="UTF-8"?>
<!-- Generated by org.testng.reporters.JUnitReportReporter -->
<testsuite hostname="retina.dellroad.org" name="org.dellroad.stuff.validation.SelfValidatingTest" tests="1" failures="0" timestamp="7 Nov 2013 23:20:54 GMT" time="0.007" errors="0">
  <testcase name="testValidation" time="0.007" classname="org.dellroad.stuff.validation.SelfValidatingTest"/>
</testsuite> <!-- org.dellroad.stuff.validation.SelfValidatingTest -->
