<?xml version="1.0" encoding="UTF-8"?>
<!-- Generated by org.testng.reporters.JUnitReportReporter -->
<testsuite hostname="retina.dellroad.org" name="org.dellroad.stuff.xml.IndentXMLStreamWriterTest" tests="6" failures="0" timestamp="23 Dec 2013 16:48:53 GMT" time="0.017" errors="0">
  <testcase name="testIndent" time="0.003" classname="org.dellroad.stuff.xml.IndentXMLStreamWriterTest"/>
  <testcase name="testIndent" time="0.002" classname="org.dellroad.stuff.xml.IndentXMLStreamWriterTest"/>
  <testcase name="testIndent" time="0.002" classname="org.dellroad.stuff.xml.IndentXMLStreamWriterTest"/>
  <testcase name="testIndent" time="0.002" classname="org.dellroad.stuff.xml.IndentXMLStreamWriterTest"/>
  <testcase name="testIndent" time="0.005" classname="org.dellroad.stuff.xml.IndentXMLStreamWriterTest"/>
  <testcase name="testIndent" time="0.003" classname="org.dellroad.stuff.xml.IndentXMLStreamWriterTest"/>
</testsuite> <!-- org.dellroad.stuff.xml.IndentXMLStreamWriterTest -->
