<?xml version="1.0" encoding="UTF-8"?>
<!-- Generated by org.testng.reporters.JUnitReportReporter -->
<testsuite hostname="retina.dellroad.org" name="org.dellroad.stuff.java.ProcessRunnerTest" tests="1" failures="0" timestamp="19 Mar 2014 16:33:48 GMT" time="0.013" errors="0">
  <testcase name="testProcessRunner" time="0.013" classname="org.dellroad.stuff.java.ProcessRunnerTest"/>
</testsuite> <!-- org.dellroad.stuff.java.ProcessRunnerTest -->
