<?xml version="1.0" encoding="UTF-8"?>
<!-- Generated by org.testng.reporters.JUnitReportReporter -->
<testsuite hostname="retina.dellroad.org" name="org.dellroad.stuff.validation.SelfValidatingTest" tests="1" failures="0" timestamp="29 Oct 2013 21:31:08 GMT" time="0.005" errors="0">
  <testcase name="testValidation" time="0.005" classname="org.dellroad.stuff.validation.SelfValidatingTest"/>
</testsuite> <!-- org.dellroad.stuff.validation.SelfValidatingTest -->
