<?xml version="1.0" encoding="UTF-8"?>
<!-- Generated by org.testng.reporters.JUnitReportReporter -->
<testsuite hostname="retina.dellroad.org" name="org.dellroad.stuff.schema.SchemaUpdateTest" tests="5" failures="0" timestamp="7 Nov 2013 23:20:54 GMT" time="0.656" errors="0">
  <testcase name="testMultiActionSchemaUpdate" time="0.051" classname="org.dellroad.stuff.schema.SchemaUpdateTest"/>
  <testcase name="testEmptySchemaUpdate" time="0.049" classname="org.dellroad.stuff.schema.SchemaUpdateTest"/>
  <testcase name="testUnexpectedSchemaUpdate" time="0.069" classname="org.dellroad.stuff.schema.SchemaUpdateTest"/>
  <testcase name="testBasicSchemaUpdate" time="0.440" classname="org.dellroad.stuff.schema.SchemaUpdateTest"/>
  <testcase name="testInitializeSchemaUpdate" time="0.047" classname="org.dellroad.stuff.schema.SchemaUpdateTest"/>
</testsuite> <!-- org.dellroad.stuff.schema.SchemaUpdateTest -->
