<?xml version="1.0" encoding="UTF-8"?>
<!-- Generated by org.testng.reporters.JUnitReportReporter -->
<testsuite hostname="retina.dellroad.org" name="org.dellroad.stuff.jibx.IdMapperTest" tests="2" failures="0" timestamp="23 Dec 2013 16:48:53 GMT" time="0.028" errors="0">
  <testcase name="testIdMapper2" time="0.001" classname="org.dellroad.stuff.jibx.IdMapperTest"/>
  <testcase name="testIdMapper1" time="0.027" classname="org.dellroad.stuff.jibx.IdMapperTest"/>
</testsuite> <!-- org.dellroad.stuff.jibx.IdMapperTest -->
