<?xml version="1.0" encoding="UTF-8"?>
<!-- Generated by org.testng.reporters.JUnitReportReporter -->
<testsuite hostname="retina.dellroad.org" name="org.dellroad.stuff.schema.SchemaUpdateTest" tests="5" failures="0" timestamp="3 Nov 2013 17:49:01 GMT" time="0.602" errors="0">
  <testcase name="testInitializeSchemaUpdate" time="0.054" classname="org.dellroad.stuff.schema.SchemaUpdateTest"/>
  <testcase name="testUnexpectedSchemaUpdate" time="0.387" classname="org.dellroad.stuff.schema.SchemaUpdateTest"/>
  <testcase name="testMultiActionSchemaUpdate" time="0.047" classname="org.dellroad.stuff.schema.SchemaUpdateTest"/>
  <testcase name="testBasicSchemaUpdate" time="0.079" classname="org.dellroad.stuff.schema.SchemaUpdateTest"/>
  <testcase name="testEmptySchemaUpdate" time="0.035" classname="org.dellroad.stuff.schema.SchemaUpdateTest"/>
</testsuite> <!-- org.dellroad.stuff.schema.SchemaUpdateTest -->
