<?xml version="1.0" encoding="UTF-8"?>
<!-- Generated by org.testng.reporters.JUnitReportReporter -->
<testsuite hostname="retina.dellroad.org" name="org.dellroad.stuff.xml.StreamWriterActionTest" tests="1" failures="0" timestamp="29 Jul 2014 22:33:19 GMT" time="0.010" errors="0">
  <testcase name="testCopy" time="0.010" classname="org.dellroad.stuff.xml.StreamWriterActionTest"/>
</testsuite> <!-- org.dellroad.stuff.xml.StreamWriterActionTest -->
