<?xml version="1.0" encoding="UTF-8"?>
<!-- Generated by org.testng.reporters.JUnitReportReporter -->
<testsuite hostname="retina.dellroad.org" name="org.dellroad.stuff.io.HardLinkTest" tests="1" failures="0" timestamp="6 Nov 2013 17:19:59 GMT" time="0.056" errors="0">
  <testcase name="testHardLink" time="0.056" classname="org.dellroad.stuff.io.HardLinkTest"/>
</testsuite> <!-- org.dellroad.stuff.io.HardLinkTest -->
