<?xml version="1.0" encoding="UTF-8"?>
<!-- Generated by org.testng.reporters.JUnitReportReporter -->
<testsuite hostname="retina.dellroad.org" name="org.dellroad.stuff.io.StreamsTest" tests="1" failures="0" timestamp="22 Apr 2015 14:56:56 GMT" time="0.001" errors="0">
  <testcase name="testStreams" time="0.001" classname="org.dellroad.stuff.io.StreamsTest"/>
</testsuite> <!-- org.dellroad.stuff.io.StreamsTest -->
