<?xml version="1.0" encoding="UTF-8"?>
<!-- Generated by org.testng.reporters.JUnitReportReporter -->
<testsuite hostname="retina.dellroad.org" name="org.dellroad.stuff.schema.SchemaUpdateTest" tests="5" failures="0" timestamp="6 Nov 2013 17:19:59 GMT" time="0.583" errors="0">
  <testcase name="testUnexpectedSchemaUpdate" time="0.049" classname="org.dellroad.stuff.schema.SchemaUpdateTest"/>
  <testcase name="testBasicSchemaUpdate" time="0.089" classname="org.dellroad.stuff.schema.SchemaUpdateTest"/>
  <testcase name="testInitializeSchemaUpdate" time="0.069" classname="org.dellroad.stuff.schema.SchemaUpdateTest"/>
  <testcase name="testMultiActionSchemaUpdate" time="0.326" classname="org.dellroad.stuff.schema.SchemaUpdateTest"/>
  <testcase name="testEmptySchemaUpdate" time="0.050" classname="org.dellroad.stuff.schema.SchemaUpdateTest"/>
</testsuite> <!-- org.dellroad.stuff.schema.SchemaUpdateTest -->
