<?xml version="1.0" encoding="UTF-8"?>
<!-- Generated by org.testng.reporters.JUnitReportReporter -->
<testsuite hostname="retina.dellroad.org" name="org.dellroad.stuff.string.SimpleObjectParserTest" tests="12" failures="0" timestamp="8 Nov 2013 17:51:41 GMT" time="0.012" errors="0">
  <testcase name="testNamedGroupParse" time="0.001" classname="org.dellroad.stuff.string.SimpleObjectParserTest"/>
  <testcase name="testNamedGroupParse" time="0.000" classname="org.dellroad.stuff.string.SimpleObjectParserTest"/>
  <testcase name="testNamedGroupParse" time="0.001" classname="org.dellroad.stuff.string.SimpleObjectParserTest"/>
  <testcase name="testNamedGroupParse" time="0.001" classname="org.dellroad.stuff.string.SimpleObjectParserTest"/>
  <testcase name="testParse" time="0.000" classname="org.dellroad.stuff.string.SimpleObjectParserTest"/>
  <testcase name="testNamedGroupParse" time="0.001" classname="org.dellroad.stuff.string.SimpleObjectParserTest"/>
  <testcase name="testParse" time="0.001" classname="org.dellroad.stuff.string.SimpleObjectParserTest"/>
  <testcase name="testParse" time="0.000" classname="org.dellroad.stuff.string.SimpleObjectParserTest"/>
  <testcase name="testNamedGroupParse" time="0.001" classname="org.dellroad.stuff.string.SimpleObjectParserTest"/>
  <testcase name="testNamedGroupParse" time="0.005" classname="org.dellroad.stuff.string.SimpleObjectParserTest"/>
  <testcase name="testParse" time="0.000" classname="org.dellroad.stuff.string.SimpleObjectParserTest"/>
  <testcase name="testNamedGroupParse" time="0.001" classname="org.dellroad.stuff.string.SimpleObjectParserTest"/>
</testsuite> <!-- org.dellroad.stuff.string.SimpleObjectParserTest -->
