<?xml version="1.0" encoding="UTF-8"?>
<!-- Generated by org.testng.reporters.JUnitReportReporter -->
<testsuite hostname="retina.dellroad.org" name="org.dellroad.stuff.java.IdGeneratorTest" tests="1" failures="0" timestamp="6 Nov 2013 17:19:59 GMT" time="0.073" errors="0">
  <testcase name="testIdGenerator" time="0.073" classname="org.dellroad.stuff.java.IdGeneratorTest"/>
</testsuite> <!-- org.dellroad.stuff.java.IdGeneratorTest -->
