<?xml version="1.0" encoding="UTF-8"?>
<!-- Generated by org.testng.reporters.JUnitReportReporter -->
<testsuite hostname="retina.dellroad.org" name="org.dellroad.stuff.io.HardLinkTest" tests="1" failures="0" timestamp="18 Oct 2013 20:53:45 GMT" time="0.070" errors="0">
  <testcase name="testHardLink" time="0.070" classname="org.dellroad.stuff.io.HardLinkTest"/>
</testsuite> <!-- org.dellroad.stuff.io.HardLinkTest -->
