<?xml version="1.0" encoding="UTF-8"?>
<!-- Generated by org.testng.reporters.JUnitReportReporter -->
<testsuite hostname="retina.dellroad.org" name="org.dellroad.stuff.java.PrimitiveTest" tests="22" failures="0" timestamp="28 Jan 2015 17:44:09 GMT" time="0.955" errors="0">
  <testcase name="testName" time="0.000" classname="org.dellroad.stuff.java.PrimitiveTest"/>
  <testcase name="testPrimitive" time="0.000" classname="org.dellroad.stuff.java.PrimitiveTest"/>
  <testcase name="testName" time="0.000" classname="org.dellroad.stuff.java.PrimitiveTest"/>
  <testcase name="testName" time="0.000" classname="org.dellroad.stuff.java.PrimitiveTest"/>
  <testcase name="testName" time="0.000" classname="org.dellroad.stuff.java.PrimitiveTest"/>
  <testcase name="testPrimitive" time="0.368" classname="org.dellroad.stuff.java.PrimitiveTest"/>
  <testcase name="testName" time="0.001" classname="org.dellroad.stuff.java.PrimitiveTest"/>
  <testcase name="testPrimitive" time="0.043" classname="org.dellroad.stuff.java.PrimitiveTest"/>
  <testcase name="testPrimitive" time="0.046" classname="org.dellroad.stuff.java.PrimitiveTest"/>
  <testcase name="testPrimitive" time="0.091" classname="org.dellroad.stuff.java.PrimitiveTest"/>
  <testcase name="testName" time="0.000" classname="org.dellroad.stuff.java.PrimitiveTest"/>
  <testcase name="testPrimitive" time="0.103" classname="org.dellroad.stuff.java.PrimitiveTest"/>
  <testcase name="testPrimitive" time="0.001" classname="org.dellroad.stuff.java.PrimitiveTest"/>
  <testcase name="testName" time="0.000" classname="org.dellroad.stuff.java.PrimitiveTest"/>
  <testcase name="testPrimitive" time="0.003" classname="org.dellroad.stuff.java.PrimitiveTest"/>
  <testcase name="testName" time="0.000" classname="org.dellroad.stuff.java.PrimitiveTest"/>
  <testcase name="testName" time="0.000" classname="org.dellroad.stuff.java.PrimitiveTest"/>
  <testcase name="testName" time="0.000" classname="org.dellroad.stuff.java.PrimitiveTest"/>
  <testcase name="testName" time="0.000" classname="org.dellroad.stuff.java.PrimitiveTest"/>
  <testcase name="testPrimitive" time="0.299" classname="org.dellroad.stuff.java.PrimitiveTest"/>
  <testcase name="testName" time="0.000" classname="org.dellroad.stuff.java.PrimitiveTest"/>
  <testcase name="testName" time="0.000" classname="org.dellroad.stuff.java.PrimitiveTest"/>
</testsuite> <!-- org.dellroad.stuff.java.PrimitiveTest -->
