<?xml version="1.0" encoding="UTF-8"?>
<!-- Generated by org.testng.reporters.JUnitReportReporter -->
<testsuite hostname="retina.dellroad.org" name="org.dellroad.stuff.string.StringEncoderTest" tests="38" failures="0" timestamp="8 Nov 2013 17:51:41 GMT" time="0.012" errors="0">
  <testcase name="testStringEncode" time="0.000" classname="org.dellroad.stuff.string.StringEncoderTest"/>
  <testcase name="testStringEncode" time="0.000" classname="org.dellroad.stuff.string.StringEncoderTest"/>
  <testcase name="testEnquotedLength" time="0.000" classname="org.dellroad.stuff.string.StringEncoderTest"/>
  <testcase name="testStringEncode" time="0.000" classname="org.dellroad.stuff.string.StringEncoderTest"/>
  <testcase name="testStringEncode" time="0.000" classname="org.dellroad.stuff.string.StringEncoderTest"/>
  <testcase name="testStringEnquote" time="0.000" classname="org.dellroad.stuff.string.StringEncoderTest"/>
  <testcase name="testEnquotedLength" time="0.000" classname="org.dellroad.stuff.string.StringEncoderTest"/>
  <testcase name="testStringEncode" time="0.000" classname="org.dellroad.stuff.string.StringEncoderTest"/>
  <testcase name="testStringEncode" time="0.000" classname="org.dellroad.stuff.string.StringEncoderTest"/>
  <testcase name="testStringEnquote" time="0.001" classname="org.dellroad.stuff.string.StringEncoderTest"/>
  <testcase name="testEnquotedLength" time="0.001" classname="org.dellroad.stuff.string.StringEncoderTest"/>
  <testcase name="testStringEncode" time="0.000" classname="org.dellroad.stuff.string.StringEncoderTest"/>
  <testcase name="testStringEncode" time="0.000" classname="org.dellroad.stuff.string.StringEncoderTest"/>
  <testcase name="testStringEnquote" time="0.001" classname="org.dellroad.stuff.string.StringEncoderTest"/>
  <testcase name="testEnquotedLength" time="0.000" classname="org.dellroad.stuff.string.StringEncoderTest"/>
  <testcase name="testStringEncode" time="0.000" classname="org.dellroad.stuff.string.StringEncoderTest"/>
  <testcase name="testStringEnquote" time="0.000" classname="org.dellroad.stuff.string.StringEncoderTest"/>
  <testcase name="testStringEncode" time="0.000" classname="org.dellroad.stuff.string.StringEncoderTest"/>
  <testcase name="testStringEncode" time="0.003" classname="org.dellroad.stuff.string.StringEncoderTest"/>
  <testcase name="testEnquotedLength" time="0.000" classname="org.dellroad.stuff.string.StringEncoderTest"/>
  <testcase name="testStringEncode" time="0.001" classname="org.dellroad.stuff.string.StringEncoderTest"/>
  <testcase name="testStringEncode" time="0.000" classname="org.dellroad.stuff.string.StringEncoderTest"/>
  <testcase name="testEnquotedLength" time="0.000" classname="org.dellroad.stuff.string.StringEncoderTest"/>
  <testcase name="testStringEncode" time="0.000" classname="org.dellroad.stuff.string.StringEncoderTest"/>
  <testcase name="testStringEnquote" time="0.000" classname="org.dellroad.stuff.string.StringEncoderTest"/>
  <testcase name="testStringEncode" time="0.000" classname="org.dellroad.stuff.string.StringEncoderTest"/>
  <testcase name="testStringEncode" time="0.000" classname="org.dellroad.stuff.string.StringEncoderTest"/>
  <testcase name="testEnquotedLength" time="0.000" classname="org.dellroad.stuff.string.StringEncoderTest"/>
  <testcase name="testStringEncode" time="0.000" classname="org.dellroad.stuff.string.StringEncoderTest"/>
  <testcase name="testEnquotedLength" time="0.000" classname="org.dellroad.stuff.string.StringEncoderTest"/>
  <testcase name="testStringEnquote" time="0.000" classname="org.dellroad.stuff.string.StringEncoderTest"/>
  <testcase name="testStringEnquote" time="0.000" classname="org.dellroad.stuff.string.StringEncoderTest"/>
  <testcase name="testStringEncode" time="0.002" classname="org.dellroad.stuff.string.StringEncoderTest"/>
  <testcase name="testStringEncode" time="0.001" classname="org.dellroad.stuff.string.StringEncoderTest"/>
  <testcase name="testStringEncode" time="0.001" classname="org.dellroad.stuff.string.StringEncoderTest"/>
  <testcase name="testStringEncode" time="0.000" classname="org.dellroad.stuff.string.StringEncoderTest"/>
  <testcase name="testStringEnquote" time="0.000" classname="org.dellroad.stuff.string.StringEncoderTest"/>
  <testcase name="testStringEncode" time="0.001" classname="org.dellroad.stuff.string.StringEncoderTest"/>
</testsuite> <!-- org.dellroad.stuff.string.StringEncoderTest -->
