<?xml version="1.0" encoding="UTF-8"?>
<!-- Generated by org.testng.reporters.JUnitReportReporter -->
<testsuite hostname="retina.dellroad.org" name="org.dellroad.stuff.xml.EmptyTagXMLStreamWriterTest" tests="3" failures="0" timestamp="23 Dec 2013 16:48:53 GMT" time="0.023" errors="0">
  <testcase name="testEmptyTag" time="0.005" classname="org.dellroad.stuff.xml.EmptyTagXMLStreamWriterTest"/>
  <testcase name="testEmptyTag" time="0.003" classname="org.dellroad.stuff.xml.EmptyTagXMLStreamWriterTest"/>
  <testcase name="testEmptyTag" time="0.015" classname="org.dellroad.stuff.xml.EmptyTagXMLStreamWriterTest"/>
</testsuite> <!-- org.dellroad.stuff.xml.EmptyTagXMLStreamWriterTest -->
