<?xml version="1.0" encoding="UTF-8"?>
<!-- Generated by org.testng.reporters.JUnitReportReporter -->
<testsuite hostname="retina.dellroad.org" name="org.dellroad.stuff.string.SimpleObjectParserTest" tests="12" failures="0" timestamp="11 Oct 2013 16:02:52 GMT" time="0.010" errors="0">
  <testcase name="testNamedGroupParse" time="0.001" classname="org.dellroad.stuff.string.SimpleObjectParserTest"/>
  <testcase name="testNamedGroupParse" time="0.000" classname="org.dellroad.stuff.string.SimpleObjectParserTest"/>
  <testcase name="testNamedGroupParse" time="0.000" classname="org.dellroad.stuff.string.SimpleObjectParserTest"/>
  <testcase name="testNamedGroupParse" time="0.002" classname="org.dellroad.stuff.string.SimpleObjectParserTest"/>
  <testcase name="testParse" time="0.001" classname="org.dellroad.stuff.string.SimpleObjectParserTest"/>
  <testcase name="testNamedGroupParse" time="0.000" classname="org.dellroad.stuff.string.SimpleObjectParserTest"/>
  <testcase name="testNamedGroupParse" time="0.001" classname="org.dellroad.stuff.string.SimpleObjectParserTest"/>
  <testcase name="testNamedGroupParse" time="0.003" classname="org.dellroad.stuff.string.SimpleObjectParserTest"/>
  <testcase name="testParse" time="0.000" classname="org.dellroad.stuff.string.SimpleObjectParserTest"/>
  <testcase name="testParse" time="0.000" classname="org.dellroad.stuff.string.SimpleObjectParserTest"/>
  <testcase name="testNamedGroupParse" time="0.001" classname="org.dellroad.stuff.string.SimpleObjectParserTest"/>
  <testcase name="testParse" time="0.001" classname="org.dellroad.stuff.string.SimpleObjectParserTest"/>
</testsuite> <!-- org.dellroad.stuff.string.SimpleObjectParserTest -->
