<?xml version="1.0" encoding="UTF-8"?>
<!-- Generated by org.testng.reporters.JUnitReportReporter -->
<testsuite hostname="retina.dellroad.org" name="org.dellroad.stuff.pobj.UpdatesXMLEventTest" tests="3" failures="0" timestamp="8 Nov 2013 17:51:41 GMT" time="0.050" errors="0">
  <testcase name="test" time="0.007" classname="org.dellroad.stuff.pobj.UpdatesXMLEventTest"/>
  <testcase name="test" time="0.032" classname="org.dellroad.stuff.pobj.UpdatesXMLEventTest"/>
  <testcase name="test" time="0.011" classname="org.dellroad.stuff.pobj.UpdatesXMLEventTest"/>
</testsuite> <!-- org.dellroad.stuff.pobj.UpdatesXMLEventTest -->
