<?xml version="1.0" encoding="UTF-8"?>
<!-- Generated by org.testng.reporters.JUnitReportReporter -->
<testsuite hostname="retina.dellroad.org" name="org.dellroad.stuff.schema.SchemaUpdateTest" tests="5" failures="0" timestamp="28 Aug 2013 16:33:00 GMT" time="0.269" errors="0">
  <testcase name="testMultiActionSchemaUpdate" time="0.038" classname="org.dellroad.stuff.schema.SchemaUpdateTest"/>
  <testcase name="testEmptySchemaUpdate" time="0.082" classname="org.dellroad.stuff.schema.SchemaUpdateTest"/>
  <testcase name="testBasicSchemaUpdate" time="0.077" classname="org.dellroad.stuff.schema.SchemaUpdateTest"/>
  <testcase name="testUnexpectedSchemaUpdate" time="0.030" classname="org.dellroad.stuff.schema.SchemaUpdateTest"/>
  <testcase name="testInitializeSchemaUpdate" time="0.042" classname="org.dellroad.stuff.schema.SchemaUpdateTest"/>
</testsuite> <!-- org.dellroad.stuff.schema.SchemaUpdateTest -->
