<?xml version="1.0" encoding="UTF-8"?>
<!-- Generated by org.testng.reporters.JUnitReportReporter -->
<testsuite hostname="retina.dellroad.org" name="org.dellroad.stuff.io.HardLinkTest" tests="1" failures="0" timestamp="28 Jun 2013 18:40:29 GMT" time="0.001" errors="0">
  <testcase name="testHardLink" time="0.001" classname="org.dellroad.stuff.io.HardLinkTest"/>
</testsuite> <!-- org.dellroad.stuff.io.HardLinkTest -->
