<?xml version="1.0" encoding="UTF-8"?>
<!-- Generated by org.testng.reporters.JUnitReportReporter -->
<testsuite hostname="retina.dellroad.org" name="org.dellroad.stuff.java.PrimitiveTest" tests="22" failures="0" timestamp="29 Jul 2014 22:33:19 GMT" time="1.036" errors="0">
  <testcase name="testName" time="0.000" classname="org.dellroad.stuff.java.PrimitiveTest"/>
  <testcase name="testPrimitive" time="0.055" classname="org.dellroad.stuff.java.PrimitiveTest"/>
  <testcase name="testPrimitive" time="0.069" classname="org.dellroad.stuff.java.PrimitiveTest"/>
  <testcase name="testName" time="0.000" classname="org.dellroad.stuff.java.PrimitiveTest"/>
  <testcase name="testName" time="0.000" classname="org.dellroad.stuff.java.PrimitiveTest"/>
  <testcase name="testPrimitive" time="0.401" classname="org.dellroad.stuff.java.PrimitiveTest"/>
  <testcase name="testName" time="0.000" classname="org.dellroad.stuff.java.PrimitiveTest"/>
  <testcase name="testName" time="0.000" classname="org.dellroad.stuff.java.PrimitiveTest"/>
  <testcase name="testPrimitive" time="0.383" classname="org.dellroad.stuff.java.PrimitiveTest"/>
  <testcase name="testName" time="0.000" classname="org.dellroad.stuff.java.PrimitiveTest"/>
  <testcase name="testPrimitive" time="0.040" classname="org.dellroad.stuff.java.PrimitiveTest"/>
  <testcase name="testPrimitive" time="0.085" classname="org.dellroad.stuff.java.PrimitiveTest"/>
  <testcase name="testName" time="0.000" classname="org.dellroad.stuff.java.PrimitiveTest"/>
  <testcase name="testPrimitive" time="0.000" classname="org.dellroad.stuff.java.PrimitiveTest"/>
  <testcase name="testPrimitive" time="0.003" classname="org.dellroad.stuff.java.PrimitiveTest"/>
  <testcase name="testName" time="0.000" classname="org.dellroad.stuff.java.PrimitiveTest"/>
  <testcase name="testPrimitive" time="0.000" classname="org.dellroad.stuff.java.PrimitiveTest"/>
  <testcase name="testName" time="0.000" classname="org.dellroad.stuff.java.PrimitiveTest"/>
  <testcase name="testName" time="0.000" classname="org.dellroad.stuff.java.PrimitiveTest"/>
  <testcase name="testName" time="0.000" classname="org.dellroad.stuff.java.PrimitiveTest"/>
  <testcase name="testName" time="0.000" classname="org.dellroad.stuff.java.PrimitiveTest"/>
  <testcase name="testName" time="0.000" classname="org.dellroad.stuff.java.PrimitiveTest"/>
</testsuite> <!-- org.dellroad.stuff.java.PrimitiveTest -->
