<?xml version="1.0" encoding="UTF-8"?>
<!-- Generated by org.testng.reporters.JUnitReportReporter -->
<testsuite hostname="retina.dellroad.org" name="org.dellroad.stuff.xml.IndentXMLStreamWriterTest" tests="7" failures="0" timestamp="28 Jan 2015 17:44:09 GMT" time="0.029" errors="0">
  <testcase name="testIndent" time="0.003" classname="org.dellroad.stuff.xml.IndentXMLStreamWriterTest"/>
  <testcase name="testIndent" time="0.003" classname="org.dellroad.stuff.xml.IndentXMLStreamWriterTest"/>
  <testcase name="testIndent" time="0.004" classname="org.dellroad.stuff.xml.IndentXMLStreamWriterTest"/>
  <testcase name="testIndent" time="0.004" classname="org.dellroad.stuff.xml.IndentXMLStreamWriterTest"/>
  <testcase name="testIndent" time="0.009" classname="org.dellroad.stuff.xml.IndentXMLStreamWriterTest"/>
  <testcase name="testIndent" time="0.003" classname="org.dellroad.stuff.xml.IndentXMLStreamWriterTest"/>
  <testcase name="testIndent" time="0.003" classname="org.dellroad.stuff.xml.IndentXMLStreamWriterTest"/>
</testsuite> <!-- org.dellroad.stuff.xml.IndentXMLStreamWriterTest -->
