<?xml version="1.0" encoding="UTF-8"?>
<!-- Generated by org.testng.reporters.JUnitReportReporter -->
<testsuite hostname="retina.dellroad.org" name="org.dellroad.stuff.pobj.UpdatesXMLEventTest" tests="3" failures="0" timestamp="28 Aug 2013 16:33:00 GMT" time="0.019" errors="0">
  <testcase name="test" time="0.004" classname="org.dellroad.stuff.pobj.UpdatesXMLEventTest"/>
  <testcase name="test" time="0.010" classname="org.dellroad.stuff.pobj.UpdatesXMLEventTest"/>
  <testcase name="test" time="0.005" classname="org.dellroad.stuff.pobj.UpdatesXMLEventTest"/>
</testsuite> <!-- org.dellroad.stuff.pobj.UpdatesXMLEventTest -->
