<?xml version="1.0" encoding="UTF-8"?>
<!-- Generated by org.testng.reporters.JUnitReportReporter -->
<testsuite hostname="retina.dellroad.org" name="org.dellroad.stuff.io.StreamsTest" tests="1" failures="0" timestamp="12 Nov 2014 21:42:21 GMT" time="0.028" errors="0">
  <testcase name="testStreams" time="0.028" classname="org.dellroad.stuff.io.StreamsTest"/>
</testsuite> <!-- org.dellroad.stuff.io.StreamsTest -->
