<?xml version="1.0" encoding="UTF-8"?>
<!-- Generated by org.testng.reporters.JUnitReportReporter -->
<testsuite hostname="retina.dellroad.org" name="org.dellroad.stuff.io.StreamsTest" tests="1" failures="0" timestamp="7 May 2014 02:40:46 GMT" time="0.011" errors="0">
  <testcase name="testStreams" time="0.011" classname="org.dellroad.stuff.io.StreamsTest"/>
</testsuite> <!-- org.dellroad.stuff.io.StreamsTest -->
