<?xml version="1.0" encoding="UTF-8"?>
<!-- Generated by org.testng.reporters.JUnitReportReporter -->
<testsuite hostname="retina.dellroad.org" name="org.dellroad.stuff.pobj.UpdatesXMLEventTest" tests="3" failures="0" timestamp="7 Nov 2013 17:16:49 GMT" time="0.021" errors="0">
  <testcase name="test" time="0.005" classname="org.dellroad.stuff.pobj.UpdatesXMLEventTest"/>
  <testcase name="test" time="0.004" classname="org.dellroad.stuff.pobj.UpdatesXMLEventTest"/>
  <testcase name="test" time="0.012" classname="org.dellroad.stuff.pobj.UpdatesXMLEventTest"/>
</testsuite> <!-- org.dellroad.stuff.pobj.UpdatesXMLEventTest -->
