<?xml version="1.0" encoding="UTF-8"?>
<!-- Generated by org.testng.reporters.JUnitReportReporter -->
<testsuite hostname="retina.dellroad.org" name="org.dellroad.stuff.java.IdGeneratorTest" tests="1" failures="0" timestamp="19 Mar 2014 16:33:48 GMT" time="0.123" errors="0">
  <testcase name="testIdGenerator" time="0.123" classname="org.dellroad.stuff.java.IdGeneratorTest"/>
</testsuite> <!-- org.dellroad.stuff.java.IdGeneratorTest -->
